::1 - - [04/Nov/2018:18:26:23 +0000] "POST /todos HTTP/1.1" 200 22 "-" "PostmanRuntime/7.3.0"
::1 - - [04/Nov/2018:18:28:06 +0000] "POST /todos HTTP/1.1" 200 22 "-" "PostmanRuntime/7.3.0"
::1 - - [04/Nov/2018:18:42:24 +0000] "POST /todos HTTP/1.1" 200 22 "-" "PostmanRuntime/7.3.0"
::1 - - [04/Nov/2018:18:42:31 +0000] "GET /todos HTTP/1.1" 200 21 "-" "PostmanRuntime/7.3.0"
::1 - - [04/Nov/2018:18:42:38 +0000] "GET /todos/123 HTTP/1.1" 200 23 "-" "PostmanRuntime/7.3.0"
::1 - - [04/Nov/2018:18:42:47 +0000] "PUT /todos/123 HTTP/1.1" 200 49 "-" "PostmanRuntime/7.3.0"
::1 - - [04/Nov/2018:18:43:08 +0000] "DELETE /todos/123 HTTP/1.1" 200 52 "-" "PostmanRuntime/7.3.0"
::1 - - [04/Nov/2018:18:43:50 +0000] "DELETE /todos/123 HTTP/1.1" 200 52 "-" "PostmanRuntime/7.3.0"
::1 - - [04/Nov/2018:18:49:15 +0000] "POST /todos HTTP/1.1" 500 1175 "-" "PostmanRuntime/7.3.0"
::1 - - [04/Nov/2018:18:49:50 +0000] "POST /todos HTTP/1.1" 200 37 "-" "PostmanRuntime/7.3.0"
::1 - - [04/Nov/2018:18:50:15 +0000] "POST /todos HTTP/1.1" 200 46 "-" "PostmanRuntime/7.3.0"
::1 - - [04/Nov/2018:18:54:48 +0000] "GET /todos/123 HTTP/1.1" 200 21 "-" "PostmanRuntime/7.3.0"
::1 - - [04/Nov/2018:18:54:54 +0000] "GET /todos/123?123 HTTP/1.1" 200 29 "-" "PostmanRuntime/7.3.0"
::1 - - [04/Nov/2018:18:55:10 +0000] "GET /todos/123?some=thing HTTP/1.1" 200 35 "-" "PostmanRuntime/7.3.0"
::1 - - [04/Nov/2018:19:08:29 +0000] "GET /api/v1/todos/123?some=thing HTTP/1.1" 200 35 "-" "PostmanRuntime/7.3.0"
::1 - - [04/Nov/2018:19:08:34 +0000] "GET /api/v1 HTTP/1.1" 200 17 "-" "PostmanRuntime/7.3.0"
::1 - - [04/Nov/2018:19:12:38 +0000] "GET /api/v1 HTTP/1.1" 200 17 "-" "PostmanRuntime/7.3.0"
::1 - - [04/Nov/2018:19:14:59 +0000] "GET /api/v1 HTTP/1.1" 200 17 "-" "PostmanRuntime/7.3.0"
::1 - - [04/Nov/2018:19:25:56 +0000] "GET /api/v1 HTTP/1.1" 200 17 "-" "PostmanRuntime/7.3.0"
::1 - - [04/Nov/2018:19:26:06 +0000] "GET /api/v1 HTTP/1.1" 200 17 "-" "Mozilla/5.0 (Windows NT 10.0; Win64; x64) AppleWebKit/537.36 (KHTML, like Gecko) Chrome/70.0.3538.77 Safari/537.36"
::1 - - [04/Nov/2018:19:26:06 +0000] "GET /favicon.ico HTTP/1.1" 404 150 "http://localhost/api/v1" "Mozilla/5.0 (Windows NT 10.0; Win64; x64) AppleWebKit/537.36 (KHTML, like Gecko) Chrome/70.0.3538.77 Safari/537.36"
::1 - - [04/Nov/2018:19:47:10 +0000] "GET /api/v1 HTTP/1.1" 304 - "-" "Mozilla/5.0 (Windows NT 10.0; Win64; x64) AppleWebKit/537.36 (KHTML, like Gecko) Chrome/70.0.3538.77 Safari/537.36"
::1 - - [04/Nov/2018:19:47:34 +0000] "GET /api/v1 HTTP/1.1" 200 17 "-" "Mozilla/5.0 (Windows NT 10.0; Win64; x64) AppleWebKit/537.36 (KHTML, like Gecko) Chrome/70.0.3538.77 Safari/537.36"
::1 - - [04/Nov/2018:19:47:34 +0000] "GET /favicon.ico HTTP/1.1" 404 150 "https://localhost:8080/api/v1" "Mozilla/5.0 (Windows NT 10.0; Win64; x64) AppleWebKit/537.36 (KHTML, like Gecko) Chrome/70.0.3538.77 Safari/537.36"
::1 - - [04/Nov/2018:19:47:49 +0000] "GET /api/v1 HTTP/1.1" 200 17 "-" "PostmanRuntime/7.3.0"
::1 - - [04/Nov/2018:19:48:37 +0000] "GET /api/v1 HTTP/1.1" 200 17 "-" "PostmanRuntime/7.3.0"
::1 - - [04/Nov/2018:19:49:22 +0000] "GET /api/v1 HTTP/1.1" 200 17 "-" "PostmanRuntime/7.3.0"
::1 - - [04/Nov/2018:19:50:44 +0000] "GET /api/v1/dog HTTP/1.1" 404 149 "-" "PostmanRuntime/7.3.0"
::1 - - [04/Nov/2018:19:53:44 +0000] "GET /api/v1/dog HTTP/1.1" 404 46 "-" "PostmanRuntime/7.3.0"
::1 - - [04/Nov/2018:20:01:20 +0000] "GET /api/v1/dog HTTP/1.1" 404 87 "-" "PostmanRuntime/7.3.0"
::1 - - [04/Nov/2018:20:02:55 +0000] "GET /api/v1/dog123 HTTP/1.1" 404 87 "-" "PostmanRuntime/7.3.0"
::1 - - [04/Nov/2018:20:03:02 +0000] "GET /api/v1/ HTTP/1.1" 404 87 "-" "PostmanRuntime/7.3.0"
::1 - - [04/Nov/2018:20:03:14 +0000] "GET /api/v1 HTTP/1.1" 404 87 "-" "PostmanRuntime/7.3.0"
::1 - - [04/Nov/2018:20:04:14 +0000] "GET /api/v1/todos HTTP/1.1" 404 87 "-" "PostmanRuntime/7.3.0"
::1 - - [04/Nov/2018:20:05:12 +0000] "GET /api/v1/todos HTTP/1.1" 200 21 "-" "PostmanRuntime/7.3.0"
::1 - - [04/Nov/2018:20:05:24 +0000] "GET /api/v1/todos HTTP/1.1" 404 87 "-" "PostmanRuntime/7.3.0"
::1 - - [04/Nov/2018:20:06:26 +0000] "GET /api/v1/todos HTTP/1.1" 200 21 "-" "PostmanRuntime/7.3.0"
::1 - - [04/Nov/2018:20:25:31 +0000] "GET /api/v1/todos123 HTTP/1.1" 404 154 "-" "PostmanRuntime/7.3.0"
::1 - - [04/Nov/2018:20:32:45 +0000] "GET /api/v1/todos123 HTTP/1.1" 500 46 "-" "PostmanRuntime/7.3.0"
::1 - - [04/Nov/2018:20:33:04 +0000] "GET /api/v1/todos123 HTTP/1.1" 500 1061 "-" "PostmanRuntime/7.3.0"
::1 - - [04/Nov/2018:20:34:10 +0000] "GET /api/v1/todos123 HTTP/1.1" 500 1061 "-" "PostmanRuntime/7.3.0"
::1 - - [04/Nov/2018:20:35:06 +0000] "GET /api/v1/todos123 HTTP/1.1" 500 1061 "-" "PostmanRuntime/7.3.0"
::1 - - [04/Nov/2018:20:38:49 +0000] "GET /api/v1/todos123 HTTP/1.1" 404 87 "-" "PostmanRuntime/7.3.0"
::1 - - [04/Nov/2018:20:40:05 +0000] "GET /api/v1/todos123 HTTP/1.1" 404 154 "-" "PostmanRuntime/7.3.0"
::1 - - [04/Nov/2018:20:40:56 +0000] "GET /api/v1/todos123 HTTP/1.1" 404 154 "-" "PostmanRuntime/7.3.0"
::1 - - [04/Nov/2018:20:42:33 +0000] "GET /api/v1/todos123 HTTP/1.1" 404 46 "-" "PostmanRuntime/7.3.0"
::1 - - [04/Nov/2018:20:44:18 +0000] "GET /api/v1/todos HTTP/1.1" 200 21 "-" "PostmanRuntime/7.3.0"
::1 - - [04/Nov/2018:20:44:22 +0000] "GET /api/v1/todos/123 HTTP/1.1" 200 6 "-" "PostmanRuntime/7.3.0"
::1 - - [04/Nov/2018:20:44:43 +0000] "GET /api/v1/todos/123 HTTP/1.1" 200 - "-" "PostmanRuntime/7.3.0"
::1 - - [04/Nov/2018:20:46:14 +0000] "GET /api/v1/todos/123 HTTP/1.1" 200 21 "-" "PostmanRuntime/7.3.0"
::1 - - [04/Nov/2018:20:46:26 +0000] "GET /api/v1/todos123/123 HTTP/1.1" 500 1112 "-" "PostmanRuntime/7.3.0"
::1 - - [04/Nov/2018:20:46:37 +0000] "GET /api/v1/todossss HTTP/1.1" 500 1112 "-" "PostmanRuntime/7.3.0"
::1 - - [04/Nov/2018:20:46:40 +0000] "GET /api/v1/todsss HTTP/1.1" 500 1112 "-" "PostmanRuntime/7.3.0"
::1 - - [04/Nov/2018:20:47:39 +0000] "GET /api/v1/todsss HTTP/1.1" 500 1112 "-" "PostmanRuntime/7.3.0"
::1 - - [04/Nov/2018:20:48:19 +0000] "GET /api/v1/todsss HTTP/1.1" 404 46 "-" "PostmanRuntime/7.3.0"
::1 - - [04/Nov/2018:20:49:03 +0000] "GET /api/v1/todsss HTTP/1.1" 404 46 "-" "PostmanRuntime/7.3.0"
::1 - - [04/Nov/2018:20:49:50 +0000] "GET /api/v1/todsss HTTP/1.1" 404 46 "-" "PostmanRuntime/7.3.0"
::1 - - [04/Nov/2018:20:50:04 +0000] "GET /api/v1/todsss HTTP/1.1" 404 46 "-" "PostmanRuntime/7.3.0"
::1 - - [04/Nov/2018:20:50:12 +0000] "GET /api/v1/todsss HTTP/1.1" 404 46 "-" "PostmanRuntime/7.3.0"
::1 - - [04/Nov/2018:20:50:40 +0000] "GET /api/v1/tod0 HTTP/1.1" 404 46 "-" "PostmanRuntime/7.3.0"
::1 - - [04/Nov/2018:20:50:45 +0000] "GET /api/v1/todos HTTP/1.1" 200 21 "-" "PostmanRuntime/7.3.0"
::1 - - [04/Nov/2018:20:50:48 +0000] "GET /api/v1/todos123 HTTP/1.1" 404 46 "-" "PostmanRuntime/7.3.0"
::1 - - [04/Nov/2018:20:51:11 +0000] "GET /api/v1/todos123 HTTP/1.1" 404 82 "-" "PostmanRuntime/7.3.0"
::1 - - [04/Nov/2018:20:52:04 +0000] "GET /api/v1/todos123 HTTP/1.1" 404 82 "-" "PostmanRuntime/7.3.0"
::1 - - [04/Nov/2018:20:52:10 +0000] "GET /api/v1/todos HTTP/1.1" 200 21 "-" "PostmanRuntime/7.3.0"
::1 - - [04/Nov/2018:20:52:16 +0000] "GET /api/v1/todos/123/456 HTTP/1.1" 404 82 "-" "PostmanRuntime/7.3.0"
::1 - - [04/Nov/2018:20:52:36 +0000] "GET /api/v1/todos/123?this=that HTTP/1.1" 200 34 "-" "PostmanRuntime/7.3.0"
::1 - - [04/Nov/2018:20:56:03 +0000] "GET /api/v1/todos/123?this=that HTTP/1.1" 200 34 "-" "PostmanRuntime/7.3.0"
::1 - - [04/Nov/2018:20:56:08 +0000] "GET /api/v1/todos12 HTTP/1.1" 404 46 "-" "PostmanRuntime/7.3.0"
::1 - - [12/Dec/2018:21:27:31 +0000] "GET /api/v1/todos HTTP/1.1" 200 21 "-" "PostmanRuntime/7.4.0"
